0000000000000000 T __code_start
0000000000000000 0000000000000401 b __fixedpath
0000000000000000 A __start__
0000000000000000 T _start
0000000000000000 b _TLS_MODULE_BASE_
0000000000000080 t startup
00000000000000a4 t bssclr_start
00000000000000cc t bss_loop
0000000000000120 T __nx_exit
0000000000000130 T __nx_mod0
0000000000000158 T _init
00000000000001c0 0000000000000038 T exit
0000000000000200 0000000000000194 T main
0000000000000398 t deregister_tm_clones
00000000000003c8 t register_tm_clones
0000000000000400 t __do_global_dtors_aux
0000000000000408 0000000000002000 b tmp_buffer.7247
0000000000000448 t frame_dummy
0000000000000480 000000000000005c T printHeader
00000000000004e0 00000000000000a4 T drawButton
0000000000000590 00000000000000b8 T warningMessage
0000000000000650 00000000000000a4 T progressBar
0000000000000700 0000000000000184 T copyFile
0000000000000890 00000000000000a0 T enableMod
0000000000000930 0000000000000130 T checkNeededFile
0000000000000a60 000000000000007c t do_iram_dram_copy.constprop.0
0000000000000ae0 000000000000015c T reboottopayload
0000000000000c40 0000000000000220 t ipcPrepareHeader
0000000000000e60 000000000000022c t ipcParse
0000000000001090 00000000000000b0 t serviceIpcParse
0000000000001140 0000000000000078 t ipcConvertSessionToDomain
00000000000011c0 0000000000000084 t ipcCloneSession.constprop.52
0000000000001250 0000000000000034 t ipcCloseObjectById
0000000000001290 000000000000006c t serviceClose
0000000000001300 000000000000019c t _appletReceiveMessage
00000000000014a0 0000000000000164 t _appletCmdNoIO
0000000000001610 000000000000018c t _appletGetOperationMode.constprop.43
00000000000017a0 000000000000018c t _appletGetCurrentFocusState.constprop.45
0000000000001930 000000000000018c t _appletGetPerformanceMode.constprop.44
0000000000001ac0 00000000000001d8 t _appletGetSession
0000000000001ca0 000000000000017c t _appletCmdNoInOut64
0000000000001e20 0000000000000164 t _appletSetOperationModeChangedNotification.constprop.46
0000000000001f90 000000000000016c t _appletSetOutOfFocusSuspendingEnabled
0000000000002100 0000000000000164 t _appletSetPerformanceModeChangedNotification.constprop.47
0000000000002270 000000000000016c t _appletCmdInU32.constprop.48
00000000000023e0 000000000000017c t _appletSetFocusHandlingMode
0000000000002408 0000000000002000 b tmp_buffer.7271
0000000000002560 0000000000000178 t _appletGetHandle.constprop.42
00000000000026e0 0000000000000054 t _appletGetEvent.constprop.41
0000000000002740 00000000000001f0 t _appletGetSessionProxy.constprop.40
0000000000002930 0000000000000010 T appletGetAppletType
0000000000002940 00000000000000f0 T appletSetFocusHandlingMode
0000000000002a30 0000000000000028 T appletGetAppletResourceUserId
0000000000002a60 0000000000000174 T appletNotifyRunning
0000000000002be0 0000000000000158 T appletSetGamePlayRecordingState
0000000000002d40 0000000000000050 T appletSetCpuBoostMode
0000000000002d90 00000000000005dc T appletExit
0000000000003370 00000000000004f0 T appletInitialize
0000000000003860 0000000000000010 t _appletExitProcess
0000000000003870 0000000000000014 T appletCreateManagedDisplayLayer
0000000000003890 000000000000005c T appletGetMessage
00000000000038f0 0000000000000118 T appletProcessMessage
0000000000003a10 0000000000000034 T appletMainLoop
0000000000003a50 0000000000000034 t ipcCloseObjectById
0000000000003a90 0000000000000124 t _hidGetSharedMemoryHandle.constprop.10
0000000000003bc0 0000000000000100 t _hidCmdWithNoInput
0000000000003cc0 0000000000000134 t _hidCreateAppletResource.constprop.9
0000000000003e00 000000000000010c t _hidCmdWithInputU32
0000000000003f10 0000000000000108 t _hidCmdWithInputU64.constprop.11
0000000000004020 00000000000001e0 T hidReset
0000000000004200 000000000000000c T hidGetSharedmemAddr
0000000000004210 000000000000006c T hidKeysDown
0000000000004280 000000000000000c T hidTouchCount
0000000000004290 0000000000000578 T hidScanInput
0000000000004810 0000000000000198 T hidSetSupportedNpadIdType
00000000000049b0 000000000000000c T hidSetSupportedNpadStyleSet
00000000000049c0 0000000000000008 T hidSetNpadJoyHoldType
00000000000049d0 000000000000000c T hidSetNpadJoyAssignmentModeDual
00000000000049e0 000000000000012c T hidExit
0000000000004b10 0000000000000168 T hidInitialize
0000000000004c80 0000000000000034 t ipcCloseObjectById
0000000000004cc0 0000000000000124 t _apmGetSession.constprop.4
0000000000004df0 00000000000000f0 T apmExit
0000000000004ee0 0000000000000070 T apmInitialize
0000000000004f50 00000000000000cc T apmSetPerformanceConfiguration
0000000000005020 0000000000000140 t _fatalImpl
0000000000005160 0000000000000014 T fatalWithType
0000000000005180 0000000000000014 T fatalSimple
00000000000051a0 000000000000002c t _splSrvInitialize
00000000000051d0 000000000000007c t _splGetCryptoSrv
0000000000005250 0000000000000018 t _splGetGeneralSrv.part.6
0000000000005270 0000000000000034 t ipcCloseObjectById
00000000000052b0 0000000000000078 t _splSrvExit
0000000000005330 000000000000001c T splInitialize
0000000000005350 0000000000000014 T splExit
0000000000005370 00000000000000f4 T splSetConfig
0000000000005470 0000000000000044 T smAddOverrideHandle
00000000000054c0 0000000000000060 T smGetServiceOverride
0000000000005520 0000000000000014 T smHasInitialized
0000000000005540 000000000000005c T smExit
00000000000055a0 0000000000000038 T smEncodeName
00000000000055e0 000000000000012c T smGetServiceOriginal
0000000000005710 00000000000001a0 T smInitialize
00000000000058b0 0000000000000074 T smGetService
0000000000005930 0000000000000010 T hosversionGet
0000000000005940 0000000000000010 T hosversionSet
0000000000005950 0000000000000208 T envSetup
0000000000005b60 0000000000000020 T envGetMainThreadHandle
0000000000005b80 000000000000000c T envIsNso
0000000000005b90 0000000000000014 T envHasHeapOverride
0000000000005bb0 000000000000000c T envGetHeapOverrideAddr
0000000000005bc0 000000000000000c T envGetHeapOverrideSize
0000000000005bd0 0000000000000014 T envHasArgv
0000000000005bf0 000000000000000c T envGetArgv
0000000000005c00 000000000000000c T envGetExitFuncPtr
0000000000005c10 000000000000000c T envSetExitFuncPtr
0000000000005c20 0000000000000044 t consoleDrawChar
0000000000005c70 0000000000000140 t consoleClearLine
0000000000005db0 000000000000004c t consoleNewRow
0000000000005e00 0000000000000118 t consolePrintChar
0000000000005f20 000000000000015c t consoleCls
0000000000006080 00000000000007e0 t con_write
0000000000006860 000000000000011c T consoleInit
0000000000006980 0000000000000048 T consoleExit
00000000000069d0 0000000000000028 T consoleUpdate
0000000000006a00 000000000000000c T consoleClear
0000000000006a10 0000000000000070 t ConsoleSwRenderer_flushAndSwap
0000000000006a80 00000000000000c4 t ConsoleSwRenderer_scrollWindow
0000000000006b50 0000000000000188 t ConsoleSwRenderer_drawChar
0000000000006ce0 000000000000003c t ConsoleSwRenderer_deinit
0000000000006d20 00000000000000f4 t ConsoleSwRenderer_init
0000000000006e20 000000000000000c W getDefaultConsoleRenderer
0000000000006e2c T svcSetHeapSize
0000000000006e40 T svcSetMemoryAttribute
0000000000006e48 T svcUnmapMemory
0000000000006e50 T svcQueryMemory
0000000000006e64 T svcExitProcess
0000000000006e6c T svcSleepThread
0000000000006e74 T svcMapSharedMemory
0000000000006e7c T svcUnmapSharedMemory
0000000000006e84 T svcCreateTransferMemory
0000000000006e98 T svcCloseHandle
0000000000006ea0 T svcResetSignal
0000000000006ea8 T svcWaitSynchronization
0000000000006ebc T svcArbitrateLock
0000000000006ec4 T svcArbitrateUnlock
0000000000006ecc T svcWaitProcessWideKeyAtomic
0000000000006ed4 T svcSignalProcessWideKey
0000000000006edc T svcConnectToNamedPort
0000000000006ef0 T svcSendSyncRequest
0000000000006ef8 T svcBreak
0000000000006f00 T svcReturnFromException
0000000000006f08 T svcGetInfo
0000000000006f1c T svcUnmapTransferMemory
0000000000006f24 T svcCallSecureMonitor
0000000000006f60 000000000000017c T detectKernelVersion
00000000000070e0 0000000000000030 T detectDebugger
0000000000007110 0000000000000014 T shmemLoadRemote
0000000000007130 0000000000000084 T shmemMap
00000000000071c0 0000000000000058 T shmemUnmap
0000000000007220 0000000000000044 T shmemClose
0000000000007270 0000000000000104 t _waitLoop
0000000000007380 0000000000000338 t _waitObjectsImpl
00000000000076c0 000000000000000c T waitObjects
00000000000076d0 0000000000000058 T rwlockReadLock
0000000000007730 000000000000005c T rwlockReadUnlock
0000000000007790 0000000000000084 T rwlockWriteLock
0000000000007820 000000000000003c T rwlockWriteUnlock
0000000000007860 00000000000000a8 T tmemCreate
0000000000007910 0000000000000058 T tmemUnmap
0000000000007970 0000000000000068 T tmemClose
00000000000079e0 000000000000008c T mutexLock
0000000000007a70 0000000000000030 T mutexUnlock
0000000000007aa0 000000000000004c T rmutexLock
0000000000007af0 000000000000001c T rmutexUnlock
0000000000007b10 000000000000007c t _GetRegionFromInfo.isra.1
0000000000007b90 0000000000000114 T virtmemSetup
0000000000007cb0 000000000000013c T virtmemReserve
0000000000007df0 0000000000000004 T virtmemFree
0000000000007e00 000000000000000c T eventLoadRemote
0000000000007e10 0000000000000038 T eventWait
0000000000007e50 0000000000000050 T eventClose
0000000000007ea0 0000000000000060 T condvarWaitTimeout
0000000000007f00 0000000000000080 T framebufferMakeLinear
0000000000007f80 0000000000000078 T framebufferClose
0000000000008000 0000000000000298 T framebufferCreate
00000000000082a0 0000000000000080 T framebufferBegin
0000000000008320 000000000000017c T framebufferEnd
00000000000084a0 000000000000000c T nwindowGetDefault
00000000000084b0 00000000000000c8 T __nx_win_init
0000000000008580 0000000000000034 T __nx_win_exit
00000000000085c0 0000000000000054 t _nwindowConnect
0000000000008620 0000000000000040 t _nwindowDisconnect
0000000000008660 0000000000000024 T nwindowIsValid
0000000000008690 000000000000006c T nwindowClose
0000000000008700 00000000000000c4 T nwindowCreate
00000000000087d0 000000000000000c T nwindowCreateFromLayer
00000000000087e0 0000000000000088 T nwindowSetDimensions
0000000000008870 0000000000000154 T nwindowConfigureBuffer
00000000000089d0 00000000000001e4 T nwindowDequeueBuffer
0000000000008bc0 0000000000000144 T nwindowQueueBuffer
0000000000008d10 00000000000000ac T nwindowReleaseBuffers
0000000000008dc0 00000000000000a0 T __nx_dynamic
0000000000008e60 00000000000000d8 W __libnx_initheap
0000000000008f40 00000000000000dc W __appInit
0000000000009020 0000000000000044 W __appExit
0000000000009070 0000000000000028 W __libnx_init
00000000000090a0 0000000000000020 W __libnx_exit
00000000000090c0 000000000000001c T __syscall_exit
00000000000090e0 0000000000000034 T __syscall_getreent
0000000000009120 0000000000000004 T __syscall_lock_acquire
0000000000009130 0000000000000004 T __syscall_lock_release
0000000000009140 0000000000000004 T __syscall_lock_acquire_recursive
0000000000009150 0000000000000004 T __syscall_lock_release_recursive
0000000000009160 000000000000027c T __libnx_init_time
00000000000093e0 0000000000000080 T newlibSetup
0000000000009460 0000000000000324 T argvSetup
0000000000009790 0000000000000010 t fsdev_link
00000000000097a0 0000000000000010 t fsdev_dirreset
00000000000097b0 0000000000000010 t fsdev_chmod
00000000000097c0 000000000000001c t error_cmp
00000000000097e0 0000000000000058 t fsdev_translate_error
0000000000009840 0000000000000040 t fsdev_fsync
0000000000009880 0000000000000060 t fsdev_ftruncate
00000000000098e0 0000000000000020 t fsdev_dirclose
0000000000009900 000000000000016c t fsdev_dirnext
0000000000009a70 000000000000001c t fsdev_close
0000000000009a90 00000000000000a4 t fsdev_fstat
0000000000009b40 00000000000000b0 t fsdev_seek
0000000000009bf0 0000000000000198 t fsdev_read
0000000000009d90 00000000000001a0 t fsdev_write
0000000000009f30 0000000000000120 t fsdevFindDevice
000000000000a050 0000000000000140 t _fsdevMountDevice
000000000000a190 00000000000001fc t fsdev_getfspath
000000000000a390 0000000000000070 t fsdev_rmdir
000000000000a400 00000000000000d4 t fsdev_statvfs
000000000000a4e0 00000000000000ec t fsdev_diropen
000000000000a5d0 0000000000000070 t fsdev_mkdir
000000000000a640 0000000000000114 t fsdev_rename
000000000000a760 00000000000000e8 t fsdev_chdir
000000000000a850 0000000000000070 t fsdev_unlink
000000000000a8c0 00000000000001bc t fsdev_stat
000000000000aa80 000000000000019c t fsdev_open
000000000000ac20 00000000000000b8 t _fsdevUnmountDeviceStruct.part.4
000000000000ace0 0000000000000010 t fsdev_fchmod
000000000000acf0 0000000000000170 T fsdevMountSdmc
000000000000ae60 0000000000000064 T fsdevUnmountAll
000000000000aed0 000000000000012c T decode_utf8
000000000000affc T armDCacheFlush
000000000000b020 t armDCacheFlush_L0
000000000000b038 W __libnx_exception_entry
000000000000b0c4 t __libnx_exception_entry_start
000000000000b1ec t __libnx_exception_entry_abort
000000000000b1f0 t __libnx_exception_entry_end
000000000000b1f8 T __libnx_exception_returnentry
000000000000b210 T __aarch64_read_tp
000000000000b220 0000000000000034 t ipcCloseObjectById
000000000000b260 00000000000000d8 t _nvSetClientPID
000000000000b340 00000000000000c8 t ipcQueryPointerBufferSize.constprop.10
000000000000b410 00000000000000f0 t _nvInitialize.constprop.8
000000000000b500 000000000000010c t ipcCloneSession.constprop.9
000000000000b610 0000000000000100 T nvExit
000000000000b710 0000000000000184 T nvInitialize
000000000000b8a0 000000000000012c T nvConvertError
000000000000b9d0 000000000000012c T nvOpen
000000000000bb00 0000000000000270 T nvIoctl
000000000000bd70 00000000000000dc T nvClose
000000000000be50 000000000000015c T nvQueryEvent
000000000000bfb0 0000000000000034 t ipcCloseObjectById
000000000000bff0 000000000000012c t _timeGetSession
000000000000c120 00000000000001ec T timeExit
000000000000c310 00000000000000d8 T timeInitialize
000000000000c3f0 0000000000000124 T timeGetCurrentTime
000000000000c520 0000000000000118 T timeToCalendarTimeWithMyRule
000000000000c640 0000000000000034 t ipcCloseObjectById
000000000000c680 0000000000000134 t _viGetSession.constprop.7
000000000000c7c0 00000000000001e4 T viExit
000000000000c9b0 00000000000002f8 T viInitialize
000000000000ccb0 000000000000000c T viGetSession_IHOSBinderDriverRelay
000000000000ccc0 0000000000000140 T viOpenDisplay
000000000000ce00 0000000000000104 T viCloseDisplay
000000000000cf10 0000000000000104 T viCloseLayer
000000000000d020 0000000000000370 T viCreateLayer
000000000000d390 00000000000000e8 T viSetLayerScalingMode
000000000000d480 0000000000000034 t ipcCloseObjectById
000000000000d4c0 00000000000001d4 t _setsysGetFirmwareVersionImpl
000000000000d6a0 000000000000003c T setsysInitialize
000000000000d6e0 000000000000009c T setsysExit
000000000000d780 0000000000000044 T setsysGetFirmwareVersion
000000000000d7d0 0000000000000220 t ipcPrepareHeader
000000000000d9f0 000000000000022c t ipcParse
000000000000dc20 00000000000000b0 t serviceIpcParse
000000000000dcd0 0000000000000034 t ipcCloseObjectById
000000000000dd10 0000000000000200 T fsInitialize
000000000000df10 000000000000009c T fsExit
000000000000dfb0 00000000000001cc T fsMountSdcard
000000000000e180 00000000000001a4 T fsFsCreateFile
000000000000e330 000000000000019c T fsFsDeleteFile
000000000000e4d0 000000000000019c T fsFsCreateDirectory
000000000000e670 000000000000019c T fsFsDeleteDirectory
000000000000e810 0000000000000214 T fsFsRenameFile
000000000000ea30 0000000000000214 T fsFsRenameDirectory
000000000000ec50 00000000000001b0 T fsFsGetEntryType
000000000000ee00 00000000000001e4 T fsFsOpenFile
000000000000eff0 00000000000001f8 T fsFsOpenDirectory
000000000000f1f0 00000000000001b0 T fsFsGetFreeSpace
000000000000f3a0 00000000000001b0 T fsFsGetTotalSpace
000000000000f550 0000000000000194 T fsFsGetFileTimeStampRaw
000000000000f6f0 000000000000006c T fsFsClose
000000000000f760 00000000000001f0 T fsFileRead
000000000000f950 00000000000001b8 T fsFileWrite
000000000000fb10 000000000000016c T fsFileFlush
000000000000fc80 0000000000000174 T fsFileSetSize
000000000000fe00 0000000000000194 T fsFileGetSize
000000000000ffa0 000000000000006c T fsFileClose
0000000000010010 000000000000006c T fsDirClose
0000000000010080 00000000000001ec T fsDirRead
0000000000010270 0000000000000060 t _nvFenceEventWaitCommon
00000000000102d0 000000000000005c T nvFenceInit
0000000000010330 0000000000000098 T nvFenceExit
00000000000103d0 00000000000001e4 T nvFenceWait
00000000000105c0 000000000000007c T nvMultiFenceWait
0000000000010640 000000000000006c T nvMapInit
00000000000106b0 0000000000000068 T nvMapExit
0000000000010720 0000000000000084 T nvMapClose
00000000000107b0 0000000000000150 T nvMapCreate
0000000000010900 0000000000000024 T nvioctlNvhostCtrl_EventSignal
0000000000010930 000000000000003c T nvioctlNvhostCtrl_EventWait
0000000000010970 0000000000000028 T nvioctlNvhostCtrl_EventWaitAsync
00000000000109a0 0000000000000024 T nvioctlNvhostCtrl_EventRegister
00000000000109d0 0000000000000024 T nvioctlNvhostCtrl_EventUnregister
0000000000010a00 000000000000003c T nvioctlNvmap_Create
0000000000010a40 0000000000000030 T nvioctlNvmap_Alloc
0000000000010a70 0000000000000030 T nvioctlNvmap_Free
0000000000010aa0 000000000000003c T nvioctlNvmap_GetId
0000000000010ae0 00000000000000e8 T bqRequestBuffer
0000000000010bd0 0000000000000154 T bqDequeueBuffer
0000000000010d30 000000000000009c T bqDetachBuffer
0000000000010dd0 00000000000000e0 T bqQueueBuffer
0000000000010eb0 0000000000000090 T bqCancelBuffer
0000000000010f40 00000000000000e4 T bqConnect
0000000000011030 000000000000009c T bqDisconnect
00000000000110d0 0000000000000178 T bqSetPreallocatedBuffer
0000000000011250 0000000000000138 t _binderTransactParcel
0000000000011390 00000000000000c8 t ipcQueryPointerBufferSize
0000000000011460 0000000000000248 t _binderTransactParcelAuto
00000000000116b0 0000000000000014 T binderCreate
00000000000116d0 0000000000000010 T binderTransactParcel
00000000000116e0 0000000000000124 T binderConvertErrorCode
0000000000011810 00000000000000e8 T binderAdjustRefcount
0000000000011900 0000000000000074 T binderClose
0000000000011980 00000000000000c8 T binderInitSession
0000000000011a50 0000000000000144 T binderGetNativeHandle
0000000000011ba0 0000000000000028 T parcelCreate
0000000000011bd0 000000000000019c T parcelTransact
0000000000011d70 0000000000000088 T parcelWriteData
0000000000011e00 0000000000000098 T parcelReadData
0000000000011ea0 0000000000000020 T parcelWriteInt32
0000000000011ec0 0000000000000020 T parcelWriteUInt32
0000000000011ee0 0000000000000080 T parcelWriteString16
0000000000011f60 0000000000000030 T parcelWriteInterfaceToken
0000000000011f90 0000000000000024 T parcelReadInt32
0000000000011fc0 0000000000000068 T parcelReadFlattenedObject
0000000000012030 0000000000000044 T parcelWriteFlattenedObject
0000000000012080 00000000000000c4 T nxlinkSetup
0000000000012148 0000000000000038 T aligned_alloc
0000000000012180 00000000000000b8 T bsearch
0000000000012238 0000000000000030 T calloc
0000000000012268 0000000000000094 T _calloc_r
0000000000012300 0000000000000014 T __errno
0000000000012318 000000000000015c T _fclose_r
0000000000012478 000000000000001c T fclose
0000000000012498 0000000000000214 T __sflush_r
00000000000126b0 00000000000000b8 T _fflush_r
0000000000012768 0000000000000040 T fflush
00000000000127a8 0000000000000078 t std
0000000000012820 000000000000000c T _cleanup_r
0000000000012830 0000000000000060 T __sfmoreglue
0000000000012890 000000000000000c T __sfp_lock_acquire
00000000000128a0 000000000000000c T __sfp_lock_release
00000000000128b0 000000000000000c T __sinit_lock_acquire
00000000000128c0 000000000000000c T __sinit_lock_release
00000000000128d0 0000000000000080 T __sinit
0000000000012950 0000000000000118 T __sfp
0000000000012a68 0000000000000044 T __libc_fini_array
0000000000012ab0 0000000000000130 T _fopen_r
0000000000012be0 0000000000000030 T fopen
0000000000012c10 0000000000000328 T _fread_r
0000000000012f38 0000000000000040 T fread
0000000000012f78 0000000000000118 T _malloc_trim_r
0000000000013090 00000000000002f4 T _free_r
0000000000013388 0000000000000004 T _fseek_r
0000000000013390 00000000000004c4 T _fseeko_r
0000000000013858 00000000000000b8 T _fwalk
0000000000013910 00000000000000bc T _fwalk_reent
00000000000139d0 000000000000008c T __libc_init_array
0000000000013a60 00000000000000a4 T __swhatbuf_r
0000000000013b08 000000000000010c T __smakebuf_r
0000000000013c18 0000000000000030 T memalign
0000000000013c48 0000000000000198 T _memalign_r
0000000000013de0 000000000000001c T malloc
0000000000013e00 000000000000001c T free
0000000000013e20 000000000000087c T _malloc_r
000000000001469c 00000000000000d8 T memchr
0000000000014780 000000000000016c T memcpy
0000000000014900 00000000000001dc T memset
0000000000014ae0 000000000000000c T __malloc_lock
0000000000014af0 000000000000000c T __malloc_unlock
0000000000014b00 000000000000008c T printf
0000000000014b90 0000000000000020 T putchar
0000000000014bb0 00000000000000e0 T _putc_r
0000000000014c90 00000000000000d4 T _puts_r
0000000000014d68 000000000000001c T puts
0000000000014d88 0000000000000020 t lflush
0000000000014da8 00000000000001d0 T __srefill_r
0000000000014f78 000000000000001c T _remove_r
0000000000014f98 000000000000001c T remove
0000000000014fb8 000000000000003c T setenv
0000000000014ff8 0000000000000264 T _setenv_r
0000000000015260 000000000000025c T setvbuf
00000000000154c0 00000000000000bc T sscanf
0000000000015580 0000000000000050 T __sread
00000000000155d0 0000000000000008 T __seofread
00000000000155d8 000000000000006c T __swrite
0000000000015648 0000000000000050 T __sseek
0000000000015698 0000000000000008 T __sclose
00000000000156a0 00000000000000dc T strchr
0000000000015780 0000000000000140 T strlen
00000000000158c0 0000000000000084 T strncat
000000000001599c 00000000000001b8 T strncmp
0000000000015b58 00000000000000a8 T strncpy
0000000000015c24 00000000000000e0 T strnlen
0000000000015ce0 00000000000001ac t _strtoul_l.isra.0
0000000000015e90 0000000000000034 T _strtoul_r
0000000000015ec8 0000000000000048 T strtoul
0000000000015f10 000000000000005c t get_arg
0000000000015f6c 0000000000002fd8 T __ssvfscanf_r
0000000000018f48 000000000000001c T close
0000000000018f68 0000000000000030 T fstat
0000000000018f98 0000000000000098 T open
0000000000019030 0000000000000038 T read
0000000000019068 0000000000000030 T stat
0000000000019098 0000000000000038 T write
00000000000190d0 000000000000076c t get_arg
000000000001983c 0000000000003c28 T _vfprintf_r
000000000001d464 00000000000000ec t __sbprintf
000000000001d550 0000000000000118 T __swbuf_r
000000000001d668 00000000000000d0 T _wcrtomb_r
000000000001d738 0000000000000010 T _wcsrtombs_r
000000000001d748 0000000000000140 T __swsetup_r
000000000001d888 0000000000000124 T __call_exitprocs
000000000001d9b0 00000000000001a8 t quorem
000000000001db58 00000000000010dc T _dtoa_r
000000000001ec38 000000000000000c T __env_lock
000000000001ec48 000000000000000c T __env_unlock
000000000001ec58 00000000000000a8 T __sflags
000000000001ed00 00000000000004b8 T __sfvwrite_r
000000000001f1b8 0000000000000100 T _findenv_r
000000000001f2b8 0000000000000008 T iswspace
000000000001f2c0 0000000000000008 T __localeconv_l
000000000001f2c8 0000000000000028 T _localeconv_r
000000000001f2f0 000000000000002c T __locale_mb_cur_max
000000000001f320 00000000000000d8 T _mbrtowc_r
000000000001f3f8 00000000000002c8 T __utf8_mbtowc
000000000001f6c0 00000000000000ac T memmove
000000000001f770 0000000000000090 T _Balloc
000000000001f800 000000000000001c T _Bfree
000000000001f820 00000000000000e8 T __multadd
000000000001f908 0000000000000120 T __s2b
000000000001fa28 000000000000005c T __hi0bits
000000000001fa88 00000000000000a0 T __lo0bits
000000000001fb28 000000000000002c T __i2b
000000000001fb58 00000000000001c8 T __multiply
000000000001fd20 0000000000000104 T __pow5mult
000000000001fe28 0000000000000134 T __lshift
000000000001ff60 0000000000000050 T __mcmp
000000000001ffb0 000000000000014c T __mdiff
0000000000020100 0000000000000068 T __ulp
0000000000020168 0000000000000150 T __b2d
00000000000202b8 0000000000000138 T __d2b
00000000000203f0 00000000000000a0 T __ratio
0000000000020490 0000000000000068 T __copybits
00000000000204f8 0000000000000084 T __any_on
0000000000020580 0000000000000030 T realloc
00000000000205b0 000000000000056c T _realloc_r
0000000000020b20 00000000000000bc T __sccl
0000000000020be0 000000000000000c T nanf
0000000000020bf0 000000000000007c T frexp
0000000000020c70 00000000000000a8 T sprintf
0000000000020d18 00000000000000c8 T stpncpy
0000000000020e00 00000000000000e4 T strcmp
0000000000020ee8 0000000000000054 t sulp
0000000000020f40 00000000000010e8 T _strtod_l
0000000000022028 0000000000000040 T _strtod_r
0000000000022068 00000000000001a0 t _strtoll_l.isra.0
0000000000022208 0000000000000034 T _strtoll_r
0000000000022240 00000000000001a0 t _strtol_l.isra.0
00000000000223e0 0000000000000034 T _strtol_r
0000000000022418 00000000000001ac t _strtoull_l.isra.0
00000000000225c8 0000000000000034 T _strtoull_r
00000000000225fc 00000000000001c0 T __ssprint_r
00000000000227bc 00000000000000f4 T _sungetc_r
00000000000228b0 0000000000000070 T __ssrefill_r
0000000000022920 00000000000000e0 T _sfread_r
0000000000022a00 000000000000076c t get_arg
000000000002316c 0000000000003b38 T _svfprintf_r
0000000000026ca8 00000000000000c8 T __submore
0000000000026d70 000000000000003c T __sprint_r
0000000000026db0 00000000000001dc T _wcsnrtombs_l
0000000000026f90 0000000000000054 T _wcsnrtombs_r
0000000000026fe8 00000000000000e4 T __utf8_wctomb
00000000000270d0 0000000000000114 t rshift
00000000000271e8 00000000000007e8 T __gethex
00000000000279d0 0000000000000048 T __match
0000000000027a18 000000000000022c T __hexnan
0000000000027c48 000000000000004c T iswspace_l
0000000000027c98 0000000000000244 t __jp2uc
0000000000027ee0 00000000000000bc T _jp2uc_l
0000000000027fa0 000000000000000c T nan
0000000000027fb0 0000000000000088 T category
0000000000028038 0000000000000008 t null_write
0000000000028040 0000000000000018 T setDefaultDevice
0000000000028058 0000000000000108 T FindDevice
0000000000028160 0000000000000034 T RemoveDevice
0000000000028198 00000000000000d8 T AddDevice
0000000000028270 00000000000000a8 T _close_r
0000000000028318 0000000000000080 T _fstat_r
0000000000028398 0000000000000008 T _isatty_r
00000000000283a0 0000000000000094 T _lseek_r
0000000000028438 00000000000000e0 T _open_r
0000000000028518 00000000000000a4 T _read_r
00000000000285c0 0000000000000078 T _sbrk_r
0000000000028638 0000000000000074 T _stat_r
00000000000286b0 0000000000000074 T _unlink_r
0000000000028728 00000000000000a4 T _write_r
00000000000287d0 0000000000000020 T _exit
00000000000287f0 0000000000000234 T _concatenate_path
0000000000028a28 0000000000000178 T chdir
0000000000028ba0 0000000000000074 T mkdir
0000000000028c18 0000000000000014 T __libc_lock_acquire
0000000000028c30 0000000000000014 T __libc_lock_release
0000000000028c48 000000000000000c T __libc_lock_init_recursive
0000000000028c58 0000000000000014 T __libc_lock_acquire_recursive
0000000000028c70 0000000000000014 T __libc_lock_release_recursive
0000000000028c88 0000000000000004 T __libc_lock_close_recursive
0000000000028c90 000000000000003c T __free_handle
0000000000028cd0 0000000000000058 T __release_handle
0000000000028d28 00000000000000c0 T __alloc_handle
0000000000028de8 0000000000000020 T __get_handle
0000000000028e08 0000000000000020 T __getreent
0000000000028e28 0000000000000150 t __extenddftf2
0000000000028f78 0000000000000348 t __trunctfdf2
00000000000292c0 0000000000000070 t __sfp_handle_exceptions
0000000000029330 0000000000000100 T strrchr
0000000000029430 T _fini
000000000002a000 R __rodata_start
000000000002a530 0000000000000014 r CSWTCH.93
000000000002a690 0000000000000030 r colorTable
000000000002a6c0 R default_font_bin
000000000002c6c0 R default_font_bin_end
000000000002c6c0 R default_font_bin_size
000000000002c6c8 0000000000000038 r g_nvColorFmtTable
000000000002c718 0000000000000020 r error_table
000000000002c7b8 0000000000000023 r g_bq_InterfaceDescriptor
000000000002c7f0 0000000000000101 R _ctype_
000000000002c9c0 0000000000000022 r basefix.6623
000000000002cb70 0000000000000010 r blanks.6605
000000000002cb80 0000000000000010 r zeroes.6606
000000000002cc28 0000000000000028 R __mprec_bigtens
000000000002cc50 00000000000000c8 R __mprec_tens
000000000002cd18 000000000000000c r p05.5339
000000000002cd58 0000000000000014 r fpi.5419
000000000002cd70 0000000000000014 r fpinan.5455
000000000002cd88 0000000000000028 r tinytens
000000000002cdb0 000000000000006c R __action_table
000000000002ce20 0000000000000100 R __chclass
000000000002cf20 000000000000006c R __state_table
000000000002d0d8 0000000000000010 r blanks.6590
000000000002d0e8 0000000000000010 r zeroes.6591
000000000002d0f8 0000000000000100 R __hexdig
000000000002d210 00000000000000bc r a1
000000000002d2d0 00000000000000bc r a2
000000000002d390 000000000000005b r a3
000000000002d3f0 0000000000000070 r a6
000000000002d460 00000000000000a2 r a7
000000000002d508 0000000000000040 r a8
000000000002d548 000000000000172a r b02cf
000000000002ec78 0000000000001a7c r d02f4
00000000000306f8 000000000000309c r categories
00000000000337a0 0000000000000003 R DIRECTORY_PARENT
00000000000337a8 r __EH_FRAME_BEGIN__
00000000000337a8 R __eh_frame_hdr_end
00000000000337a8 R __eh_frame_hdr_start
00000000000398ec r __FRAME_END__
00000000000398f0 a _DYNAMIC
000000000003d000 R __data_start
000000000003d000 t __frame_dummy_init_array_entry
000000000003d000 T __init_array_start
000000000003d000 B __preinit_array_end
000000000003d000 B __preinit_array_start
000000000003d000 D __tdata_lma
000000000003d000 D __tdata_lma_end
000000000003d008 t __do_global_dtors_aux_fini_array_entry
000000000003d008 T __fini_array_start
000000000003d008 T __init_array_end
000000000003d010 T __fini_array_end
000000000003d010 a _GLOBAL_OFFSET_TABLE_
000000000003d010 T __got_start__
000000000003d290 D __got_end__
000000000003d290 0000000000000001 V __nx_applet_auto_notifyrunning
000000000003d294 0000000000000004 V __nx_applet_type
000000000003d298 0000000000000001 d firstConsoleInit.6161
000000000003d2a0 0000000000000058 d defaultConsole
000000000003d2f8 0000000000000008 d currentConsole
000000000003d300 00000000000000e0 d dotab_stdout
000000000003d3e0 0000000000000088 d s_consoleSwRenderer
000000000003d468 0000000000000008 V __nx_exception_stack_size
000000000003d470 0000000000000401 d __cwd
000000000003d874 0000000000000004 d fsdev_fsdevice_cwd
000000000003d878 0000000000000004 d fsdev_fsdevice_default
000000000003d880 00000000000000e0 d fsdev_devoptab
000000000003d960 0000000000000004 V __nx_nv_transfermem_size
000000000003d964 0000000000000004 V __nx_vi_stray_layer_flags
000000000003d968 0000000000000004 d g_viServiceType
000000000003d96c 0000000000000004 d g_ctrl_fd
000000000003d970 0000000000000004 d g_nvmap_fd
000000000003d978 0000000000000008 D _impure_ptr
000000000003d980 0000000000000768 d impure_data
000000000003e0e8 0000000000000008 D _global_impure_ptr
000000000003e0f0 0000000000000008 D __malloc_sbrk_base
000000000003e0f8 0000000000000008 D __malloc_trim_threshold
000000000003e100 0000000000000810 D __malloc_av_
000000000003e910 0000000000000008 D environ
000000000003e918 00000000000001a8 D __global_locale
000000000003eac0 0000000000000002 d numempty
000000000003eac8 0000000000000018 D _C_numeric_locale
000000000003eae0 0000000000000004 d defaultDevice
000000000003eae8 0000000000000080 D devoptab_list
000000000003eb68 00000000000000e0 D dotab_stdnull
000000000003ec48 0000000000000400 d _current_working_directory
000000000003f048 0000000000000010 d __stderr_handle
000000000003f058 0000000000000010 d __stdin_handle
000000000003f068 0000000000000010 d __stdout_handle
000000000003f078 0000000000002000 d handles
0000000000041078 D __bss_start__
0000000000041078 b completed.7870
0000000000041078 D __TMC_END__
0000000000041080 b object.7875
0000000000042000 0000000000001000 b g_work_page
0000000000043000 0000000000001000 b g_ff_page
0000000000044000 000000000002f000 b g_reboot_payload
0000000000073000 0000000000000008 V __nx_applet_PerformanceConfiguration
0000000000073008 0000000000000004 V __nx_applet_exit_mode
000000000007300c 0000000000000004 b g_appletCpuBoostMode
0000000000073010 0000000000000001 b g_appletExitProcessFlag
0000000000073018 0000000000000018 b g_appletFirstHook
0000000000073030 0000000000000001 b g_appletFocusState
0000000000073038 000000000000000c b g_appletIApplicationCreator
0000000000073048 000000000000000c b g_appletIAudioController
0000000000073058 000000000000000c b g_appletICommonStateGetter
0000000000073068 000000000000000c b g_appletIDebugFunctions
0000000000073078 000000000000000c b g_appletIDisplayController
0000000000073088 000000000000000c b g_appletIFunctions
0000000000073098 000000000000000c b g_appletIGlobalStateController
00000000000730a8 000000000000000c b g_appletILibraryAppletCreator
00000000000730b8 000000000000000c b g_appletILibraryAppletSelfAccessor
00000000000730c8 000000000000000c b g_appletIProcessWindingController
00000000000730d8 000000000000000c b g_appletISelfController
00000000000730e8 000000000000000c b g_appletIWindowController
00000000000730f8 000000000000000c b g_appletLibraryAppletLaunchableEvent
0000000000073108 000000000000000c b g_appletMessageEvent
0000000000073114 0000000000000001 b g_appletNotifiedRunning
0000000000073115 0000000000000001 b g_appletOperationMode
0000000000073118 0000000000000004 b g_appletPerformanceMode
0000000000073120 000000000000000c b g_appletProxySession
000000000007312c 0000000000000004 b g_appletRecordingInitialized
0000000000073130 0000000000000028 b g_appletRecordingTmem
0000000000073158 0000000000000008 b g_appletResourceUserId
0000000000073160 000000000000000c b g_appletSrv
0000000000073170 0000000000000008 b g_refCnt
0000000000073178 0000000000000050 b g_controllerDown
00000000000731c8 00000000000001e0 b g_controllerEntries
00000000000733a8 0000000000000190 b g_controllerHeaders
0000000000073538 0000000000000050 b g_controllerHeld
0000000000073588 0000000000000028 b g_controllerLayout
00000000000735b0 0000000000000050 b g_controllerOld
0000000000073600 0000000000000004 b g_controllerP1AutoID
0000000000073608 0000000000000050 b g_controllerTimestamps
0000000000073658 0000000000000050 b g_controllerUp
00000000000736a8 000000000000000c b g_hidIAppletResource
00000000000736b8 0000000000000010 b g_hidLock
00000000000736c8 0000000000000020 b g_hidSharedmem
00000000000736e8 000000000000000c b g_hidSrv
00000000000736f8 0000000000000020 b g_keyboardDown
0000000000073718 0000000000000038 b g_keyboardEntry
0000000000073750 0000000000000020 b g_keyboardHeld
0000000000073770 0000000000000008 b g_keyboardModDown
0000000000073778 0000000000000008 b g_keyboardModHeld
0000000000073780 0000000000000008 b g_keyboardModOld
0000000000073788 0000000000000008 b g_keyboardModUp
0000000000073790 0000000000000020 b g_keyboardOld
00000000000737b0 0000000000000008 b g_keyboardTimestamp
00000000000737b8 0000000000000020 b g_keyboardUp
00000000000737d8 0000000000000400 b g_mouse
0000000000073bd8 0000000000000008 b g_mouseDown
0000000000073be0 0000000000000008 b g_mouseEntry
0000000000073be8 0000000000000008 b g_mouseHeld
0000000000073bf0 0000000000000008 b g_mouseOld
0000000000073bf8 0000000000000008 b g_mouseTimestamp
0000000000073c00 0000000000000008 b g_mouseUp
0000000000073c08 0000000000000008 b g_refCnt
0000000000073c10 000000000000000a b g_sixaxisEnabled
0000000000073c20 0000000000004650 b g_sixaxisLayouts
0000000000078270 0000000000000298 b g_touchEntry
0000000000078508 0000000000000008 b g_touchTimestamp
0000000000078510 000000000000000c b g_apmISession
0000000000078520 000000000000000c b g_apmSrv
0000000000078530 0000000000000008 b g_refCnt
0000000000078538 000000000000000c b g_splCryptoSrv
0000000000078548 000000000000000c b g_splEsSrv
0000000000078558 000000000000000c b g_splFsSrv
0000000000078568 000000000000000c b g_splManuSrv
0000000000078578 0000000000000008 b g_splRefCnt
0000000000078580 000000000000000c b g_splSrv
0000000000078590 000000000000000c b g_splSslSrv
00000000000785a0 0000000000000008 b g_refCnt
00000000000785a8 0000000000000004 b g_smHandle
00000000000785b0 0000000000000200 b g_smOverrides
00000000000787b0 0000000000000008 b g_smOverridesNum
00000000000787b8 0000000000000004 b g_hosVersion
00000000000787bc 0000000000000001 b g_hasRandomSeed
00000000000787bd 0000000000000001 b g_isNso
00000000000787c0 0000000000000004 b g_lastLoadResult
00000000000787c8 0000000000000008 b g_loaderRetAddr
00000000000787d0 0000000000000004 b g_mainThreadHandle
00000000000787d8 0000000000000008 b g_nextLoadArgv
00000000000787e0 0000000000000008 b g_nextLoadPath
00000000000787e8 0000000000000008 b g_overrideArgv
00000000000787f0 0000000000000008 b g_overrideHeapAddr
00000000000787f8 0000000000000008 b g_overrideHeapSize
0000000000078800 0000000000000004 b g_processHandle
0000000000078808 0000000000000010 b g_randomSeed
0000000000078818 0000000000000010 b g_syscallHints
0000000000078828 0000000000000058 b currentCopy
0000000000078880 0000000000000004 b g_Version
0000000000078884 0000000000000001 b g_VersionCached
0000000000078888 0000000000000004 b g_VersionMutex
0000000000078890 0000000000000010 b g_AddressSpace
00000000000788a0 0000000000000008 b g_CurrentAddr
00000000000788a8 0000000000000030 b g_Region
00000000000788d8 0000000000000004 b g_VirtMemMutex
00000000000788e0 0000000000000078 b g_defaultWin
0000000000078958 0000000000000050 b g_viDisplay
00000000000789a8 0000000000000010 b g_viLayer
00000000000789b8 0000000000000004 V __nx_exception_ignoredebug
00000000000789c0 0000000000000400 V __nx_exception_stack
0000000000078dc0 0000000000000008 V __nx_heap_size
0000000000078dc8 0000000000000008 b __bootticks
0000000000078dd0 0000000000000008 b __boottime
0000000000078dd8 0000000000000004 V __nx_time_type
0000000000078de0 0000000000000008 b g_argv_empty
0000000000078de8 0000000000002300 b fsdev_fsdevices
000000000007b0e8 0000000000000001 b fsdev_initialised
000000000007b0f0 0000000000000008 b g_nvIpcBufferSize
000000000007b0f8 000000000000000c b g_nvSrv
000000000007b108 000000000000000c b g_nvSrvClone
000000000007b118 0000000000000028 b g_nvTransfermem
000000000007b140 0000000000000008 b g_refCnt
000000000007b148 0000000000000008 b g_refCnt
000000000007b150 000000000000000c b g_timeLocalSystemClock
000000000007b160 000000000000000c b g_timeNetworkSystemClock
000000000007b170 000000000000000c b g_timeSrv
000000000007b180 000000000000000c b g_timeTimeZoneService
000000000007b190 000000000000000c b g_timeUserSystemClock
000000000007b1a0 0000000000000008 V __nx_vi_layer_id
000000000007b1a8 000000000000000c b g_viIApplicationDisplayService
000000000007b1b8 000000000000000c b g_viIHOSBinderDriverIndirect
000000000007b1c8 000000000000000c b g_viIHOSBinderDriverRelay
000000000007b1d8 000000000000000c b g_viIManagerDisplayService
000000000007b1e8 000000000000000c b g_viISystemDisplayService
000000000007b1f8 0000000000000008 b g_refCntSys
000000000007b200 000000000000000c b g_setsysSrv
000000000007b210 000000000000000c b g_fsSrv
000000000007b220 0000000000000008 b g_refCnt
000000000007b228 0000000000000008 b g_NvEventUsedMask
000000000007b230 0000000000000300 b g_NvEvents
000000000007b530 0000000000000008 b g_refCnt
000000000007b538 0000000000000008 b g_refCnt
000000000007b540 000000000000000c b __sfp_recursive_mutex
000000000007b550 000000000000000c b __sinit_recursive_mutex
000000000007b560 0000000000000028 B __malloc_current_mallinfo
000000000007b588 0000000000000008 B __malloc_max_sbrked_mem
000000000007b590 0000000000000008 B __malloc_max_total_mem
000000000007b598 0000000000000008 B __malloc_top_pad
000000000007b5a0 000000000000000c b __malloc_recursive_mutex
000000000007b5ac 0000000000000004 b alloced.4086
000000000007b5b0 000000000000000c B __atexit_recursive_mutex
000000000007b5c0 0000000000000008 b initial_env
000000000007b5c8 000000000000000c b __env_recursive_mutex
000000000007b5d8 0000000000000008 b heap_start.5295
000000000007b5e0 0000000000000008 B fake_heap_end
000000000007b5e8 0000000000000008 B fake_heap_start
000000000007b5f0 0000000000000400 b temp_cwd
000000000007b9f0 0000000000000004 b __hndl_lock
000000000007ba00 0000000000000340 B __nx_exceptiondump
000000000007bd40 0000000000000008 B __stack_top
000000000007bd48 0000000000000008 B __system_argv
000000000007bd50 0000000000000004 B __system_argc
000000000007bd58 0000000000000004 B __nxlink_host
000000000007bd60 B __tls_start
0000000000080168 B __bss_end__
0000000000080168 A __end__
0000000000080168 B __tls_end
0000000000081000 A __argdata__
